<?xml version="1.0" encoding="UTF-8"?>
<testng-results ignored="0" total="1" passed="1" failed="0" skipped="0">
  <reporter-output>
    <line>
      <![CDATA[Extent Report DirectoryC:\Users\mahbu\IdeaProjects\TDD_SingleModuleTahmina2022\target\surefire-reports\html]]>
    </line>
    <line>
      <![CDATA[Browser : chrome]]>
    </line>
    <line>
      <![CDATA[Url : https://www.costco.com/]]>
    </line>
  </reporter-output>
  <suite started-at="2022-07-23T00:32:57 EDT" name="Costco Test Suite" finished-at="2022-07-23T00:33:19 EDT" duration-ms="22057">
    <groups>
    </groups>
    <test started-at="2022-07-23T00:32:57 EDT" name="Costco Web Automation" finished-at="2022-07-23T00:33:19 EDT" duration-ms="22057">
      <class name="com.costco.testPages.costcoHomePageTest.CostcoHomePageTest">
        <test-method is-config="true" signature="extentSetup(org.testng.ITestContext)[pri:0, instance:com.costco.testPages.costcoHomePageTest.CostcoHomePageTest@1349883]" started-at="2022-07-23T00:32:56 EDT" name="extentSetup" finished-at="2022-07-23T00:32:57 EDT" duration-ms="196" status="PASS">
          <params>
            <param index="0">
              <value>
                <![CDATA[org.testng.TestRunner@5399f6c5]]>
              </value>
            </param>
          </params>
          <reporter-output>
            <line>
              <![CDATA[Extent Report DirectoryC:\Users\mahbu\IdeaProjects\TDD_SingleModuleTahmina2022\target\surefire-reports\html]]>
            </line>
          </reporter-output>
        </test-method> <!-- extentSetup -->
        <test-method is-config="true" signature="setUpAutomation()[pri:0, instance:com.costco.testPages.costcoHomePageTest.CostcoHomePageTest@1349883]" started-at="2022-07-23T00:32:57 EDT" name="setUpAutomation" finished-at="2022-07-23T00:32:57 EDT" duration-ms="0" status="PASS">
          <reporter-output>
          </reporter-output>
        </test-method> <!-- setUpAutomation -->
        <test-method is-config="true" signature="setUp(boolean,java.lang.String,java.lang.String,java.lang.String,java.lang.String,java.lang.String,java.lang.String)[pri:0, instance:com.costco.testPages.costcoHomePageTest.CostcoHomePageTest@1349883]" started-at="2022-07-23T00:32:57 EDT" name="setUp" finished-at="2022-07-23T00:33:03 EDT" duration-ms="6051" status="PASS">
          <params>
            <param index="0">
              <value>
                <![CDATA[false]]>
              </value>
            </param>
            <param index="1">
              <value>
                <![CDATA[browserStack]]>
              </value>
            </param>
            <param index="2">
              <value>
                <![CDATA[windows]]>
              </value>
            </param>
            <param index="3">
              <value>
                <![CDATA[10]]>
              </value>
            </param>
            <param index="4">
              <value>
                <![CDATA[chrome]]>
              </value>
            </param>
            <param index="5">
              <value>
                <![CDATA[103]]>
              </value>
            </param>
            <param index="6">
              <value>
                <![CDATA[https://www.costco.com/]]>
              </value>
            </param>
          </params>
          <reporter-output>
            <line>
              <![CDATA[Browser : chrome]]>
            </line>
            <line>
              <![CDATA[Url : https://www.costco.com/]]>
            </line>
          </reporter-output>
        </test-method> <!-- setUp -->
        <test-method is-config="true" signature="startExtent(java.lang.reflect.Method)[pri:0, instance:com.costco.testPages.costcoHomePageTest.CostcoHomePageTest@1349883]" started-at="2022-07-23T00:33:03 EDT" name="startExtent" finished-at="2022-07-23T00:33:03 EDT" duration-ms="5" status="PASS">
          <params>
            <param index="0">
              <value>
                <![CDATA[public void com.costco.testPages.costcoHomePageTest.CostcoHomePageTest.verifyCostcoSearchBox() throws java.lang.InterruptedException]]>
              </value>
            </param>
          </params>
          <reporter-output>
          </reporter-output>
        </test-method> <!-- startExtent -->
        <test-method is-config="true" signature="getInit()[pri:0, instance:com.costco.testPages.costcoHomePageTest.CostcoHomePageTest@1349883]" started-at="2022-07-23T00:33:03 EDT" name="getInit" finished-at="2022-07-23T00:33:03 EDT" duration-ms="36" status="PASS">
          <reporter-output>
          </reporter-output>
        </test-method> <!-- getInit -->
        <test-method signature="verifyCostcoSearchBox()[pri:0, instance:com.costco.testPages.costcoHomePageTest.CostcoHomePageTest@1349883]" started-at="2022-07-23T00:33:03 EDT" name="verifyCostcoSearchBox" finished-at="2022-07-23T00:33:17 EDT" duration-ms="14554" status="PASS">
          <reporter-output>
          </reporter-output>
        </test-method> <!-- verifyCostcoSearchBox -->
        <test-method is-config="true" signature="afterEachTestMethod(org.testng.ITestResult)[pri:0, instance:com.costco.testPages.costcoHomePageTest.CostcoHomePageTest@1349883]" started-at="2022-07-23T00:33:17 EDT" name="afterEachTestMethod" finished-at="2022-07-23T00:33:18 EDT" duration-ms="284" status="PASS">
          <params>
            <param index="0">
              <value>
                <![CDATA[[TestResult name=verifyCostcoSearchBox status=SUCCESS method=CostcoHomePageTest.verifyCostcoSearchBox()[pri:0, instance:com.costco.testPages.costcoHomePageTest.CostcoHomePageTest@1349883] output={null}]]]>
              </value>
            </param>
          </params>
          <reporter-output>
          </reporter-output>
        </test-method> <!-- afterEachTestMethod -->
        <test-method is-config="true" signature="tearDownAutomation()[pri:0, instance:com.costco.testPages.costcoHomePageTest.CostcoHomePageTest@1349883]" started-at="2022-07-23T00:33:18 EDT" name="tearDownAutomation" finished-at="2022-07-23T00:33:19 EDT" duration-ms="1081" status="PASS">
          <reporter-output>
          </reporter-output>
        </test-method> <!-- tearDownAutomation -->
        <test-method is-config="true" signature="generateReport()[pri:0, instance:com.costco.testPages.costcoHomePageTest.CostcoHomePageTest@1349883]" started-at="2022-07-23T00:33:19 EDT" name="generateReport" finished-at="2022-07-23T00:33:19 EDT" duration-ms="49" status="PASS">
          <reporter-output>
          </reporter-output>
        </test-method> <!-- generateReport -->
      </class> <!-- com.costco.testPages.costcoHomePageTest.CostcoHomePageTest -->
    </test> <!-- Costco Web Automation -->
  </suite> <!-- Costco Test Suite -->
</testng-results>
